<?xml version="1.0" ?>
<testsuite name="ToDo-20230604153930" tests="1" time="15.310" failures="0" errors="1">
	<testcase classname="ToDo" name="test_counter" time="15.310">
		<error type="TypeError" message="Object of type ToDo is not JSON serializable"><![CDATA[Traceback (most recent call last):
  File "/home/magdalena/webapp-test/test_script.py", line 115, in test_counter
    counter = driver.find_element(By.XPATH, "/html/body/ng-view/section/footer/span/strong").get_attribute(self)
              ^^^^^^^^^^^^^^^^^^^^^^^^^^^^^^^^^^^^^^^^^^^^^^^^^^^^^^^^^^^^^^^^^^^^^^^^^^^^^^^^^^^^^^^^^^^^^^^^^^
  File "/home/magdalena/.local/lib/python3.11/site-packages/selenium/webdriver/remote/webelement.py", line 178, in get_attribute
    attribute_value = self.parent.execute_script(
                      ^^^^^^^^^^^^^^^^^^^^^^^^^^^
  File "/home/magdalena/.local/lib/python3.11/site-packages/selenium/webdriver/remote/webdriver.py", line 500, in execute_script
    return self.execute(command, {"script": script, "args": converted_args})["value"]
           ^^^^^^^^^^^^^^^^^^^^^^^^^^^^^^^^^^^^^^^^^^^^^^^^^^^^^^^^^^^^^^^^^
  File "/home/magdalena/.local/lib/python3.11/site-packages/selenium/webdriver/remote/webdriver.py", line 438, in execute
    response = self.command_executor.execute(driver_command, params)
               ^^^^^^^^^^^^^^^^^^^^^^^^^^^^^^^^^^^^^^^^^^^^^^^^^^^^^
  File "/home/magdalena/.local/lib/python3.11/site-packages/selenium/webdriver/remote/remote_connection.py", line 288, in execute
    data = utils.dump_json(params)
           ^^^^^^^^^^^^^^^^^^^^^^^
  File "/home/magdalena/.local/lib/python3.11/site-packages/selenium/webdriver/remote/utils.py", line 24, in dump_json
    return json.dumps(json_struct)
           ^^^^^^^^^^^^^^^^^^^^^^^
  File "/usr/lib/python3.11/json/__init__.py", line 231, in dumps
    return _default_encoder.encode(obj)
           ^^^^^^^^^^^^^^^^^^^^^^^^^^^^
  File "/usr/lib/python3.11/json/encoder.py", line 200, in encode
    chunks = self.iterencode(o, _one_shot=True)
             ^^^^^^^^^^^^^^^^^^^^^^^^^^^^^^^^^^
  File "/usr/lib/python3.11/json/encoder.py", line 258, in iterencode
    return _iterencode(o, 0)
           ^^^^^^^^^^^^^^^^^
  File "/usr/lib/python3.11/json/encoder.py", line 180, in default
    raise TypeError(f'Object of type {o.__class__.__name__} '
TypeError: Object of type ToDo is not JSON serializable
]]></error>
	</testcase>
	<system-out><![CDATA[]]></system-out>
	<system-err><![CDATA[]]></system-err>
</testsuite>
